Status: FAILED
Time Taken: 0
Size: 0
Timestamp: Sun Aug 17 22:25:22 PDT 2014
TestStep: Assertion TestStep

----------------- Messages ------------------------------
[XPathSearchTitle] XPath Match  FAILED
