<?xml version="1.0" encoding="UTF-8"?>
<testng-results skipped="0" failed="0" total="2" passed="2">
  <reporter-output>
  </reporter-output>
  <suite name="Default suite" duration-ms="840" started-at="2014-08-18T06:53:54Z" finished-at="2014-08-18T06:53:55Z">
    <groups>
    </groups>
    <test name="Default test" duration-ms="840" started-at="2014-08-18T06:53:54Z" finished-at="2014-08-18T06:53:55Z">
      <class name="com.nlsinc.webservices.rest.TVGuideSearchTest">
        <test-method status="PASS" signature="testService(java.lang.String)[pri:0, instance:com.nlsinc.webservices.rest.TVGuideSearchTest@bd86fd3]" name="testService" duration-ms="546" started-at="2014-08-17T23:53:54Z" data-provider="testData2" finished-at="2014-08-17T23:53:54Z">
          <params>
            <param index="0">
              <value>
                <![CDATA[big brother]]>
              </value>
            </param>
          </params>
          <reporter-output>
          </reporter-output>
        </test-method> <!-- testService -->
        <test-method status="PASS" signature="testService(java.lang.String)[pri:0, instance:com.nlsinc.webservices.rest.TVGuideSearchTest@bd86fd3]" name="testService" duration-ms="279" started-at="2014-08-17T23:53:54Z" data-provider="testData2" finished-at="2014-08-17T23:53:55Z">
          <params>
            <param index="0">
              <value>
                <![CDATA[masterchef]]>
              </value>
            </param>
          </params>
          <reporter-output>
          </reporter-output>
        </test-method> <!-- testService -->
      </class> <!-- com.nlsinc.webservices.rest.TVGuideSearchTest -->
    </test> <!-- Default test -->
  </suite> <!-- Default suite -->
</testng-results>
