Status: FAILED
Time Taken: 0
Size: 0
Timestamp: Sun Aug 17 22:33:41 PDT 2014
TestStep: Assertion TestStep

----------------- Messages ------------------------------
[XPath Match] XPath Match  FAILED
